Source file:        /Users/randylesovsky/Documents/project_manager/Documents/tags.json
Source plant name:  Bartow FL 523
Branch extracted:   mixing

Tag counts in extracted fragment (by tagType):
  AtomicTag: 4310
  Folder: 86
  UdtInstance: 378

Whole-value substitutions:

In-string substitutions:
  'Bartow FL 523' → __SITE_LONG__: 1
  'Bartow' → __SITE_SHORT__: 3

OPC bracket rewrites (raw bracket name → __SITE_SHORT__):
  [Bartow]: 844  (canonical)
  [Hampton]: 14  (LEAK)
  [Orlando]: 9  (LEAK)

Datasource rewrites (raw datasource value → __SITE_SHORT__):
  'Athens': 4  (LEAK)
  'Hampton': 2  (LEAK)

History provider rewrites (raw value → __SITE_SHORT__):
  'Bartow': 118  (canonical)
  'Mosheim': 1  (LEAK)
  'Orlando': 10  (LEAK)

[SCADA]<long-name>/... rewrites (any long name → __SITE_LONG__):
  'Bartow FL 523': 27  (canonical)
  'Fairless Hills PA 552': 1  (LEAK)
  'Mosheim TN 551': 1  (LEAK)
  'Orlando FL 439': 9  (LEAK)

Plant Info per-path value overrides:

Subtrees dropped during extraction:

Anomalies observed:
  (none)
